



















































































































2010-03-19 11:38:26 | 5.06 MB |  | TestOfLogging:Should write this to the log
2010-03-19 11:38:26 | 5.07 MB | ginatrapani | TestOfLogging:Should write this to the log with a username






2010-03-19 11:38:27 | 5.08 MB |  | UserDAO:User ginatrapani updated in system.

2010-03-19 11:38:27 | 5.08 MB |  | UserDAO:User ginatrapani updated in system.
2010-03-19 11:38:27 | 5.08 MB |  | UserDAO:User anildash updated in system.
2010-03-19 11:38:27 | 5.08 MB |  | UserDAO:2 users queued for insert or update; 2 users affected.
























2010-03-19 11:39:24 | 5.06 MB |  | TestOfLogging:Should write this to the log
2010-03-19 11:39:24 | 5.08 MB | ginatrapani | TestOfLogging:Should write this to the log with a username






2010-03-19 11:39:25 | 5.09 MB |  | UserDAO:User ginatrapani updated in system.

2010-03-19 11:39:25 | 5.09 MB |  | UserDAO:User ginatrapani updated in system.
2010-03-19 11:39:25 | 5.09 MB |  | UserDAO:User anildash updated in system.
2010-03-19 11:39:25 | 5.08 MB |  | UserDAO:2 users queued for insert or update; 2 users affected.
























2010-03-19 11:47:30 | 5.06 MB |  | TestOfLogging:Should write this to the log
2010-03-19 11:47:30 | 5.08 MB | ginatrapani | TestOfLogging:Should write this to the log with a username






2010-03-19 11:47:34 | 5.10 MB |  | UserDAO:User ginatrapani updated in system.

2010-03-19 11:47:35 | 5.10 MB |  | UserDAO:User ginatrapani updated in system.
2010-03-19 11:47:35 | 5.10 MB |  | UserDAO:User anildash updated in system.
2010-03-19 11:47:35 | 5.09 MB |  | UserDAO:2 users queued for insert or update; 2 users affected.
























2010-03-19 11:48:54 | 5.06 MB |  | TestOfLogging:Should write this to the log
2010-03-19 11:48:54 | 5.09 MB | ginatrapani | TestOfLogging:Should write this to the log with a username






2010-03-19 11:48:57 | 5.10 MB |  | UserDAO:User ginatrapani updated in system.

2010-03-19 11:48:59 | 5.10 MB |  | UserDAO:User ginatrapani updated in system.
2010-03-19 11:48:59 | 5.10 MB |  | UserDAO:User anildash updated in system.
2010-03-19 11:48:59 | 5.10 MB |  | UserDAO:2 users queued for insert or update; 2 users affected.
























2010-03-19 11:50:23 | 5.06 MB |  | TestOfLogging:Should write this to the log
2010-03-19 11:50:23 | 5.09 MB | ginatrapani | TestOfLogging:Should write this to the log with a username






2010-03-19 11:50:26 | 5.10 MB |  | UserDAO:User ginatrapani updated in system.

2010-03-19 11:50:26 | 5.10 MB |  | UserDAO:User ginatrapani updated in system.
2010-03-19 11:50:26 | 5.10 MB |  | UserDAO:User anildash updated in system.
2010-03-19 11:50:26 | 5.10 MB |  | UserDAO:2 users queued for insert or update; 2 users affected.
























2010-03-19 12:52:25 | 5.06 MB |  | TestOfLogging:Should write this to the log
2010-03-19 12:52:25 | 5.10 MB | ginatrapani | TestOfLogging:Should write this to the log with a username






2010-03-19 12:52:28 | 5.11 MB |  | UserDAO:User ginatrapani updated in system.

2010-03-19 12:52:29 | 5.11 MB |  | UserDAO:User ginatrapani updated in system.
2010-03-19 12:52:29 | 5.11 MB |  | UserDAO:User anildash updated in system.
2010-03-19 12:52:29 | 5.10 MB |  | UserDAO:2 users queued for insert or update; 2 users affected.
























2010-03-19 16:39:08 | 2.44 MB |  | CrawlerTwitterAPIAccessorOAuth:API request: https://twitter.com/users/show/.xml
2010-03-19 16:39:08 | 2.44 MB |  | CrawlerTwitterAPIAccessorOAuth:-1 of  API calls left this hour; -1 for crawler until 16:00:00
2010-03-19 16:39:08 | 2.44 MB |  | TwitterCrawler:Owner was not set.
2010-03-19 16:40:56 | 2.45 MB |  | CrawlerTwitterAPIAccessorOAuth:API request: https://twitter.com/users/show/.xml
2010-03-19 16:40:56 | 2.45 MB |  | CrawlerTwitterAPIAccessorOAuth:-1 of  API calls left this hour; -1 for crawler until 16:00:00
2010-03-19 16:40:56 | 2.44 MB |  | TwitterCrawler:Owner was not set.
2010-03-19 16:41:22 | 2.45 MB |  | CrawlerTwitterAPIAccessorOAuth:API request: https://twitter.com/users/show/anildash.xml
2010-03-19 16:41:22 | 2.45 MB |  | CrawlerTwitterAPIAccessorOAuth:-1 of  API calls left this hour; -1 for crawler until 16:00:00
2010-03-19 16:41:22 | 2.46 MB |  | UserDAO:ERROR: Query failed: 
			INSERT INTO
				tt_users (user_id,
					user_name,full_name,avatar,location,
					description, url, is_protected,
					follower_count, post_count, friend_count, 
					
					found_in, joined  )
				VALUES (
					36823, 
					'anildash','Anil Dash','http://a3.twimg.com/profile_images/193893033/anil-merlinpic-square_normal.jpg','NYC: 40.739069,-73.987082',  
					'An authority on lolcats, autotune, software, NYC, the web and Prince. And according to the Houston Chronicle, I\'m a \'legendary blogger\'. So it must be true.', 'http://dashes.com/',false,  							
					15266,2149,
					499, 
										
					'Owner Status', '2006-12-02 09:15:15'
					 
					)
				ON DUPLICATE KEY UPDATE 
					full_name = 'Anil Dash',
					avatar =  'http://a3.twimg.com/profile_images/193893033/anil-merlinpic-square_normal.jpg',
					location = 'NYC: 40.739069,-73.987082',
					description = 'An authority on lolcats, autotune, software, NYC, the web and Prince. And according to the Houston Chronicle, I\'m a \'legendary blogger\'. So it must be true.',
					url = 'http://dashes.com/',
					is_protected = false,
					follower_count = 15266,
					post_count = 2149,
					friend_count= 499, 
					
					last_updated = NOW(),
					found_in = 'Owner Status', 
					joined = '2006-12-02 09:15:15'
					; Table 'thinktank_tests.tt_users' doesn't exist
2010-03-19 16:41:22 | 2.46 MB |  | UserDAO:User anildash was NOT updated in system.
2010-03-19 16:41:22 | 2.45 MB |  | TwitterCrawler:Owner info set.
2010-03-19 16:43:22 | 2.45 MB |  | CrawlerTwitterAPIAccessorOAuth:API request: https://twitter.com/users/show/anildash.xml
2010-03-19 16:43:22 | 2.45 MB |  | CrawlerTwitterAPIAccessorOAuth:-1 of  API calls left this hour; -1 for crawler until 16:00:00
2010-03-19 16:43:22 | 2.46 MB |  | UserDAO:User anildash updated in system.
2010-03-19 16:43:22 | 2.46 MB |  | TwitterCrawler:Owner info set.
2010-03-19 16:43:25 | 2.46 MB |  | CrawlerTwitterAPIAccessorOAuth:API request: https://twitter.com/users/show/anildash.xml
2010-03-19 16:43:25 | 2.46 MB |  | CrawlerTwitterAPIAccessorOAuth:-1 of  API calls left this hour; -1 for crawler until 16:00:00
2010-03-19 16:43:25 | 2.46 MB |  | UserDAO:User anildash updated in system.
2010-03-19 16:43:25 | 2.46 MB |  | TwitterCrawler:Owner info set.
2010-03-19 16:49:05 | 2.45 MB |  | CrawlerTwitterAPIAccessorOAuth:API request: https://twitter.com/users/show/anildash.xml
2010-03-19 16:49:05 | 2.45 MB |  | CrawlerTwitterAPIAccessorOAuth:-1 of  API calls left this hour; -1 for crawler until 16:00:00
2010-03-19 16:49:05 | 2.46 MB |  | UserDAO:User anildash updated in system.
2010-03-19 16:49:05 | 2.46 MB |  | TwitterCrawler:Owner info set.
2010-03-19 16:49:07 | 2.46 MB |  | CrawlerTwitterAPIAccessorOAuth:API request: https://twitter.com/users/show/anildash.xml
2010-03-19 16:49:07 | 2.46 MB |  | CrawlerTwitterAPIAccessorOAuth:-1 of  API calls left this hour; -1 for crawler until 16:00:00
2010-03-19 16:49:07 | 2.46 MB |  | UserDAO:User anildash updated in system.
2010-03-19 16:49:07 | 2.46 MB |  | TwitterCrawler:Owner info set.
2010-03-19 16:49:46 | 2.45 MB |  | CrawlerTwitterAPIAccessorOAuth:API request: https://twitter.com/users/show/anildash.xml
2010-03-19 16:49:46 | 2.45 MB |  | CrawlerTwitterAPIAccessorOAuth:-1 of  API calls left this hour; -1 for crawler until 16:00:00
2010-03-19 16:49:46 | 2.46 MB |  | UserDAO:User anildash updated in system.
2010-03-19 16:49:46 | 2.46 MB |  | TwitterCrawler:Owner info set.
2010-03-19 16:49:48 | 2.46 MB |  | CrawlerTwitterAPIAccessorOAuth:API request: https://twitter.com/users/show/anildash.xml
2010-03-19 16:49:48 | 2.46 MB |  | CrawlerTwitterAPIAccessorOAuth:-1 of  API calls left this hour; -1 for crawler until 16:00:00
2010-03-19 16:49:48 | 2.46 MB |  | UserDAO:User anildash updated in system.
2010-03-19 16:49:48 | 2.46 MB |  | TwitterCrawler:Owner info set.
2010-03-19 16:50:48 | 2.46 MB |  | CrawlerTwitterAPIAccessorOAuth:API request: https://twitter.com/users/show/anildash.xml
2010-03-19 16:50:48 | 2.46 MB |  | CrawlerTwitterAPIAccessorOAuth:-1 of  API calls left this hour; -1 for crawler until 16:00:00
2010-03-19 16:50:48 | 2.46 MB |  | UserDAO:User anildash updated in system.
2010-03-19 16:50:48 | 2.46 MB |  | TwitterCrawler:Owner info set.
2010-03-19 16:56:28 | 2.45 MB |  | CrawlerTwitterAPIAccessorOAuth:API request: https://twitter.com/users/show/anildash.xml
2010-03-19 16:56:28 | 2.45 MB |  | CrawlerTwitterAPIAccessorOAuth:-1 of  API calls left this hour; -1 for crawler until 16:00:00
2010-03-19 16:56:28 | 2.46 MB |  | UserDAO:User anildash updated in system.
2010-03-19 16:56:28 | 2.45 MB |  | TwitterCrawler:Owner info set.
2010-03-19 16:56:39 | 2.45 MB |  | CrawlerTwitterAPIAccessorOAuth:API request: https://twitter.com/users/show/anildash.xml
2010-03-19 16:56:39 | 2.45 MB |  | CrawlerTwitterAPIAccessorOAuth:-1 of  API calls left this hour; -1 for crawler until 16:00:00
2010-03-19 16:56:39 | 2.46 MB |  | UserDAO:User anildash updated in system.
2010-03-19 16:56:39 | 2.45 MB |  | TwitterCrawler:Owner info set.
2010-03-19 16:56:43 | 2.45 MB |  | CrawlerTwitterAPIAccessorOAuth:API request: https://twitter.com/users/show/anildash.xml
2010-03-19 16:56:43 | 2.45 MB |  | CrawlerTwitterAPIAccessorOAuth:-1 of  API calls left this hour; -1 for crawler until 16:00:00
2010-03-19 16:56:43 | 2.46 MB |  | UserDAO:User anildash updated in system.
2010-03-19 16:56:43 | 2.45 MB |  | TwitterCrawler:Owner info set.
2010-03-19 16:58:33 | 2.46 MB |  | CrawlerTwitterAPIAccessorOAuth:API request: https://twitter.com/users/show/anildash.xml
2010-03-19 16:58:33 | 2.46 MB |  | CrawlerTwitterAPIAccessorOAuth:-1 of  API calls left this hour; -1 for crawler until 16:00:00
2010-03-19 16:58:33 | 2.46 MB |  | UserDAO:User anildash updated in system.
2010-03-19 16:58:33 | 2.46 MB |  | TwitterCrawler:Owner info set.
2010-03-19 16:59:23 | 2.46 MB |  | CrawlerTwitterAPIAccessorOAuth:API request: https://twitter.com/users/show/anildash.xml
2010-03-19 16:59:23 | 2.46 MB |  | CrawlerTwitterAPIAccessorOAuth:-1 of  API calls left this hour; -1 for crawler until 16:00:00
2010-03-19 16:59:23 | 2.46 MB |  | UserDAO:User anildash updated in system.
2010-03-19 16:59:23 | 2.46 MB |  | TwitterCrawler:Owner info set.
2010-03-19 17:01:46 | 5.41 MB |  | TestOfLogging:Should write this to the log
2010-03-19 17:01:46 | 5.46 MB | ginatrapani | TestOfLogging:Should write this to the log with a username






2010-03-19 17:01:48 | 5.45 MB |  | UserDAO:User ginatrapani updated in system.

2010-03-19 17:01:49 | 5.46 MB |  | UserDAO:User ginatrapani updated in system.
2010-03-19 17:01:49 | 5.46 MB |  | UserDAO:User anildash updated in system.
2010-03-19 17:01:49 | 5.45 MB |  | UserDAO:2 users queued for insert or update; 2 users affected.
























2010-03-19 17:02:05 | 5.76 MB |  | CrawlerTwitterAPIAccessorOAuth:API request: https://twitter.com/users/show/anildash.xml
2010-03-19 17:02:05 | 5.76 MB |  | CrawlerTwitterAPIAccessorOAuth:-1 of  API calls left this hour; -1 for crawler until 16:00:00
2010-03-19 17:02:05 | 5.76 MB |  | UserDAO:User anildash updated in system.
2010-03-19 17:02:05 | 5.76 MB |  | TwitterCrawler:Owner info set.
2010-03-19 17:02:34 | 5.40 MB |  | TestOfLogging:Should write this to the log
2010-03-19 17:02:34 | 5.46 MB | ginatrapani | TestOfLogging:Should write this to the log with a username






2010-03-19 17:02:36 | 5.45 MB |  | UserDAO:User ginatrapani updated in system.

2010-03-19 17:02:37 | 5.45 MB |  | UserDAO:User ginatrapani updated in system.
2010-03-19 17:02:37 | 5.45 MB |  | UserDAO:User anildash updated in system.
2010-03-19 17:02:37 | 5.45 MB |  | UserDAO:2 users queued for insert or update; 2 users affected.
























2010-03-19 17:02:51 | 5.75 MB |  | CrawlerTwitterAPIAccessorOAuth:API request: https://twitter.com/users/show/anildash.xml
2010-03-19 17:02:51 | 5.75 MB |  | CrawlerTwitterAPIAccessorOAuth:-1 of  API calls left this hour; -1 for crawler until 16:00:00
2010-03-19 17:02:51 | 5.76 MB |  | UserDAO:User anildash updated in system.
2010-03-19 17:02:51 | 5.75 MB |  | TwitterCrawler:Owner info set.
2010-03-19 17:04:41 | 5.40 MB |  | TestOfLogging:Should write this to the log
2010-03-19 17:04:41 | 5.46 MB | ginatrapani | TestOfLogging:Should write this to the log with a username






2010-03-19 17:04:43 | 5.45 MB |  | UserDAO:User ginatrapani updated in system.

2010-03-19 17:04:43 | 5.45 MB |  | UserDAO:User ginatrapani updated in system.
2010-03-19 17:04:43 | 5.46 MB |  | UserDAO:User anildash updated in system.
2010-03-19 17:04:43 | 5.45 MB |  | UserDAO:2 users queued for insert or update; 2 users affected.
























2010-03-19 17:04:57 | 5.75 MB |  | CrawlerTwitterAPIAccessorOAuth:API request: https://twitter.com/users/show/anildash.xml
2010-03-19 17:04:57 | 5.75 MB |  | CrawlerTwitterAPIAccessorOAuth:-1 of  API calls left this hour; -1 for crawler until 16:00:00
2010-03-19 17:04:57 | 5.76 MB |  | UserDAO:User anildash updated in system.
2010-03-19 17:04:57 | 5.75 MB |  | TwitterCrawler:Owner info set.
2010-03-19 17:06:55 | 5.40 MB |  | TestOfLogging:Should write this to the log
2010-03-19 17:06:55 | 5.47 MB | ginatrapani | TestOfLogging:Should write this to the log with a username






2010-03-19 17:06:57 | 5.45 MB |  | UserDAO:User ginatrapani updated in system.

2010-03-19 17:06:57 | 5.45 MB |  | UserDAO:User ginatrapani updated in system.
2010-03-19 17:06:57 | 5.46 MB |  | UserDAO:User anildash updated in system.
2010-03-19 17:06:57 | 5.45 MB |  | UserDAO:2 users queued for insert or update; 2 users affected.
























2010-03-19 17:07:12 | 5.75 MB |  | CrawlerTwitterAPIAccessorOAuth:API request: https://twitter.com/users/show/anildash.xml
2010-03-19 17:07:12 | 5.75 MB |  | CrawlerTwitterAPIAccessorOAuth:-1 of  API calls left this hour; -1 for crawler until 16:00:00
2010-03-19 17:07:12 | 5.76 MB |  | UserDAO:User anildash updated in system.
2010-03-19 17:07:12 | 5.75 MB |  | TwitterCrawler:Owner info set.
2010-03-19 17:07:47 | 5.40 MB |  | TestOfLogging:Should write this to the log
2010-03-19 17:07:47 | 5.47 MB | ginatrapani | TestOfLogging:Should write this to the log with a username






2010-03-19 17:07:49 | 5.45 MB |  | UserDAO:User ginatrapani updated in system.

2010-03-19 17:07:49 | 5.45 MB |  | UserDAO:User ginatrapani updated in system.
2010-03-19 17:07:49 | 5.46 MB |  | UserDAO:User anildash updated in system.
2010-03-19 17:07:49 | 5.45 MB |  | UserDAO:2 users queued for insert or update; 2 users affected.
























2010-03-19 17:08:03 | 5.75 MB |  | CrawlerTwitterAPIAccessorOAuth:API request: https://twitter.com/users/show/anildash.xml
2010-03-19 17:08:03 | 5.75 MB |  | CrawlerTwitterAPIAccessorOAuth:-1 of  API calls left this hour; -1 for crawler until 16:00:00
2010-03-19 17:08:03 | 5.76 MB |  | UserDAO:User anildash updated in system.
2010-03-19 17:08:03 | 5.75 MB |  | TwitterCrawler:Owner info set.
2010-03-19 17:09:05 | 5.41 MB |  | TestOfLogging:Should write this to the log
2010-03-19 17:09:05 | 5.48 MB | ginatrapani | TestOfLogging:Should write this to the log with a username






2010-03-19 17:09:08 | 5.45 MB |  | UserDAO:User ginatrapani updated in system.

2010-03-19 17:09:08 | 5.46 MB |  | UserDAO:User ginatrapani updated in system.
2010-03-19 17:09:08 | 5.46 MB |  | UserDAO:User anildash updated in system.
2010-03-19 17:09:08 | 5.45 MB |  | UserDAO:2 users queued for insert or update; 2 users affected.
























2010-03-19 17:09:24 | 5.76 MB |  | CrawlerTwitterAPIAccessorOAuth:API request: https://twitter.com/users/show/anildash.xml
2010-03-19 17:09:24 | 5.76 MB |  | CrawlerTwitterAPIAccessorOAuth:-1 of  API calls left this hour; -1 for crawler until 16:00:00
2010-03-19 17:09:24 | 5.76 MB |  | UserDAO:User anildash updated in system.
2010-03-19 17:09:24 | 5.76 MB |  | TwitterCrawler:Owner info set.
2010-03-19 17:10:57 | 5.41 MB |  | TestOfLogging:Should write this to the log
2010-03-19 17:10:57 | 5.48 MB | ginatrapani | TestOfLogging:Should write this to the log with a username






2010-03-19 17:10:59 | 5.45 MB |  | UserDAO:User ginatrapani updated in system.

2010-03-19 17:11:00 | 5.46 MB |  | UserDAO:User ginatrapani updated in system.
2010-03-19 17:11:00 | 5.46 MB |  | UserDAO:User anildash updated in system.
2010-03-19 17:11:00 | 5.45 MB |  | UserDAO:2 users queued for insert or update; 2 users affected.
























2010-03-19 17:11:14 | 5.76 MB |  | CrawlerTwitterAPIAccessorOAuth:API request: https://twitter.com/users/show/anildash.xml
2010-03-19 17:11:14 | 5.76 MB |  | CrawlerTwitterAPIAccessorOAuth:-1 of  API calls left this hour; -1 for crawler until 16:00:00
2010-03-19 17:11:14 | 5.76 MB |  | UserDAO:User anildash updated in system.
2010-03-19 17:11:14 | 5.76 MB |  | TwitterCrawler:Owner info set.
2010-03-19 17:15:35 | 5.41 MB |  | TestOfLogging:Should write this to the log
2010-03-19 17:15:35 | 5.49 MB | ginatrapani | TestOfLogging:Should write this to the log with a username






2010-03-19 17:15:37 | 5.46 MB |  | UserDAO:User ginatrapani updated in system.

2010-03-19 17:15:38 | 5.46 MB |  | UserDAO:User ginatrapani updated in system.
2010-03-19 17:15:38 | 5.46 MB |  | UserDAO:User anildash updated in system.
2010-03-19 17:15:38 | 5.45 MB |  | UserDAO:2 users queued for insert or update; 2 users affected.
























2010-03-19 17:15:53 | 5.76 MB |  | CrawlerTwitterAPIAccessorOAuth:API request: https://twitter.com/users/show/anildash.xml
2010-03-19 17:15:53 | 5.76 MB |  | CrawlerTwitterAPIAccessorOAuth:-1 of  API calls left this hour; -1 for crawler until 16:00:00
2010-03-19 17:15:53 | 5.76 MB |  | UserDAO:User anildash updated in system.
2010-03-19 17:15:53 | 5.76 MB |  | TwitterCrawler:Owner info set.
2010-03-19 17:15:59 | 5.41 MB |  | TestOfLogging:Should write this to the log
2010-03-19 17:15:59 | 5.50 MB | ginatrapani | TestOfLogging:Should write this to the log with a username






2010-03-19 17:16:01 | 5.46 MB |  | UserDAO:User ginatrapani updated in system.

2010-03-19 17:16:02 | 5.46 MB |  | UserDAO:User ginatrapani updated in system.
2010-03-19 17:16:02 | 5.46 MB |  | UserDAO:User anildash updated in system.
2010-03-19 17:16:02 | 5.45 MB |  | UserDAO:2 users queued for insert or update; 2 users affected.
























2010-03-19 17:16:17 | 5.76 MB |  | CrawlerTwitterAPIAccessorOAuth:API request: https://twitter.com/users/show/anildash.xml
2010-03-19 17:16:17 | 5.76 MB |  | CrawlerTwitterAPIAccessorOAuth:-1 of  API calls left this hour; -1 for crawler until 16:00:00
2010-03-19 17:16:17 | 5.76 MB |  | UserDAO:User anildash updated in system.
2010-03-19 17:16:17 | 5.76 MB |  | TwitterCrawler:Owner info set.
2010-03-19 17:17:42 | 5.41 MB |  | TestOfLogging:Should write this to the log
2010-03-19 17:17:42 | 5.50 MB | ginatrapani | TestOfLogging:Should write this to the log with a username






2010-03-19 17:17:43 | 5.46 MB |  | UserDAO:User ginatrapani updated in system.

2010-03-19 17:17:44 | 5.46 MB |  | UserDAO:User ginatrapani updated in system.
2010-03-19 17:17:44 | 5.46 MB |  | UserDAO:User anildash updated in system.
2010-03-19 17:17:44 | 5.46 MB |  | UserDAO:2 users queued for insert or update; 2 users affected.
























2010-03-19 17:17:59 | 5.76 MB |  | CrawlerTwitterAPIAccessorOAuth:API request: https://twitter.com/users/show/anildash.xml
2010-03-19 17:17:59 | 5.76 MB |  | CrawlerTwitterAPIAccessorOAuth:-1 of  API calls left this hour; -1 for crawler until 16:00:00
2010-03-19 17:17:59 | 5.76 MB |  | UserDAO:User anildash updated in system.
2010-03-19 17:17:59 | 5.76 MB |  | TwitterCrawler:Owner info set.



2010-03-19 17:27:31 | 1.83 MB |  | UserDAO:User ginatrapani updated in system.

2010-03-19 17:27:32 | 1.83 MB |  | UserDAO:User ginatrapani updated in system.
2010-03-19 17:27:32 | 1.83 MB |  | UserDAO:User anildash updated in system.
2010-03-19 17:27:32 | 1.82 MB |  | UserDAO:2 users queued for insert or update; 2 users affected.








2010-03-19 17:28:24 | 1.83 MB |  | UserDAO:User ginatrapani updated in system.

2010-03-19 17:28:24 | 1.83 MB |  | UserDAO:User ginatrapani updated in system.
2010-03-19 17:28:24 | 1.83 MB |  | UserDAO:User anildash updated in system.
2010-03-19 17:28:24 | 1.83 MB |  | UserDAO:2 users queued for insert or update; 2 users affected.








2010-03-19 17:31:37 | 1.83 MB |  | UserDAO:User ginatrapani updated in system.

2010-03-19 17:31:38 | 1.83 MB |  | UserDAO:User ginatrapani updated in system.
2010-03-19 17:31:38 | 1.83 MB |  | UserDAO:User anildash updated in system.
2010-03-19 17:31:38 | 1.83 MB |  | UserDAO:2 users queued for insert or update; 2 users affected.








2010-03-19 17:33:51 | 1.83 MB |  | UserDAO:User ginatrapani updated in system.

2010-03-19 17:33:51 | 1.83 MB |  | UserDAO:User ginatrapani updated in system.
2010-03-19 17:33:51 | 1.83 MB |  | UserDAO:User anildash updated in system.
2010-03-19 17:33:51 | 1.83 MB |  | UserDAO:2 users queued for insert or update; 2 users affected.































2010-03-19 17:44:09 | 5.45 MB |  | TestOfLogging:Should write this to the log
2010-03-19 17:44:09 | 5.55 MB | ginatrapani | TestOfLogging:Should write this to the log with a username






2010-03-19 17:44:10 | 5.50 MB |  | UserDAO:User ginatrapani updated in system.

2010-03-19 17:44:11 | 5.50 MB |  | UserDAO:User ginatrapani updated in system.
2010-03-19 17:44:11 | 5.50 MB |  | UserDAO:User anildash updated in system.
2010-03-19 17:44:11 | 5.49 MB |  | UserDAO:2 users queued for insert or update; 2 users affected.
























2010-03-19 17:44:27 | 5.80 MB |  | CrawlerTwitterAPIAccessorOAuth:API request: https://twitter.com/users/show/anildash.xml
2010-03-19 17:44:27 | 5.80 MB |  | CrawlerTwitterAPIAccessorOAuth:-1 of  API calls left this hour; -1 for crawler until 16:00:00
2010-03-19 17:44:27 | 5.80 MB |  | UserDAO:User anildash updated in system.
2010-03-19 17:44:27 | 5.79 MB |  | TwitterCrawler:Owner info set.
2010-03-19 17:48:48 | 5.43 MB |  | TestOfLogging:Should write this to the log
2010-03-19 17:48:48 | 5.54 MB | ginatrapani | TestOfLogging:Should write this to the log with a username






2010-03-19 17:48:50 | 5.48 MB |  | UserDAO:User ginatrapani updated in system.

2010-03-19 17:48:51 | 5.48 MB |  | UserDAO:User ginatrapani updated in system.
2010-03-19 17:48:51 | 5.48 MB |  | UserDAO:User anildash updated in system.
2010-03-19 17:48:51 | 5.48 MB |  | UserDAO:2 users queued for insert or update; 2 users affected.



























2010-03-19 17:49:06 | 5.78 MB |  | CrawlerTwitterAPIAccessorOAuth:API request: https://twitter.com/users/show/anildash.xml
2010-03-19 17:49:06 | 5.78 MB |  | CrawlerTwitterAPIAccessorOAuth:-1 of  API calls left this hour; -1 for crawler until 16:00:00
2010-03-19 17:49:06 | 5.78 MB |  | UserDAO:User anildash updated in system.
2010-03-19 17:49:06 | 5.78 MB |  | TwitterCrawler:Owner info set.

2010-03-19 17:50:00 | 5.43 MB |  | TestOfLogging:Should write this to the log
2010-03-19 17:50:00 | 5.54 MB | ginatrapani | TestOfLogging:Should write this to the log with a username






2010-03-19 17:50:02 | 5.48 MB |  | UserDAO:User ginatrapani updated in system.

2010-03-19 17:50:03 | 5.48 MB |  | UserDAO:User ginatrapani updated in system.
2010-03-19 17:50:03 | 5.48 MB |  | UserDAO:User anildash updated in system.
2010-03-19 17:50:03 | 5.48 MB |  | UserDAO:2 users queued for insert or update; 2 users affected.



























2010-03-19 17:50:18 | 5.78 MB |  | CrawlerTwitterAPIAccessorOAuth:API request: https://twitter.com/users/show/anildash.xml
2010-03-19 17:50:18 | 5.78 MB |  | CrawlerTwitterAPIAccessorOAuth:-1 of  API calls left this hour; -1 for crawler until 16:00:00
2010-03-19 17:50:18 | 5.78 MB |  | UserDAO:User anildash updated in system.
2010-03-19 17:50:18 | 5.78 MB |  | TwitterCrawler:Owner info set.

2010-03-19 17:52:49 | 5.43 MB |  | TestOfLogging:Should write this to the log
2010-03-19 17:52:49 | 5.55 MB | ginatrapani | TestOfLogging:Should write this to the log with a username






2010-03-19 17:52:51 | 5.48 MB |  | UserDAO:User ginatrapani updated in system.

2010-03-19 17:52:52 | 5.48 MB |  | UserDAO:User ginatrapani updated in system.
2010-03-19 17:52:52 | 5.48 MB |  | UserDAO:User anildash updated in system.
2010-03-19 17:52:52 | 5.48 MB |  | UserDAO:2 users queued for insert or update; 2 users affected.



























2010-03-19 17:53:07 | 5.78 MB |  | CrawlerTwitterAPIAccessorOAuth:API request: https://twitter.com/users/show/anildash.xml
2010-03-19 17:53:07 | 5.78 MB |  | CrawlerTwitterAPIAccessorOAuth:-1 of  API calls left this hour; -1 for crawler until 16:00:00
2010-03-19 17:53:07 | 5.78 MB |  | UserDAO:User anildash updated in system.
2010-03-19 17:53:07 | 5.78 MB |  | TwitterCrawler:Owner info set.

2010-03-19 17:54:10 | 5.43 MB |  | TestOfLogging:Should write this to the log
2010-03-19 17:54:10 | 5.56 MB | ginatrapani | TestOfLogging:Should write this to the log with a username






2010-03-19 17:54:13 | 5.48 MB |  | UserDAO:User ginatrapani updated in system.

2010-03-19 17:54:14 | 5.48 MB |  | UserDAO:User ginatrapani updated in system.
2010-03-19 17:54:14 | 5.48 MB |  | UserDAO:User anildash updated in system.
2010-03-19 17:54:14 | 5.48 MB |  | UserDAO:2 users queued for insert or update; 2 users affected.



























2010-03-19 17:54:30 | 5.78 MB |  | CrawlerTwitterAPIAccessorOAuth:API request: https://twitter.com/users/show/anildash.xml
2010-03-19 17:54:30 | 5.78 MB |  | CrawlerTwitterAPIAccessorOAuth:-1 of  API calls left this hour; -1 for crawler until 16:00:00
2010-03-19 17:54:30 | 5.78 MB |  | UserDAO:User anildash updated in system.
2010-03-19 17:54:30 | 5.78 MB |  | TwitterCrawler:Owner info set.

